IQ-TREE multicore version 2.0.3 for Linux 64-bit built Dec 20 2020
Developed by Bui Quang Minh, Nguyen Lam Tung, Olga Chernomor,
Heiko Schmidt, Dominik Schrempf, Michael Woodhams.

Host:    kowakian (AVX2, FMA3, 62 GB RAM)
Command: iqtree -s angsd_minD1_p05_samGL_miss70-1513-n43_enOut.min4.phy -st DNA -m TEST -bb 5000000 -nt 10 -o en32573 -redo
Seed:    194712 (Using SPRNG - Scalable Parallel Random Number Generator)
Time:    Wed May 25 15:26:56 2022
Kernel:  AVX+FMA - 10 threads (24 CPU cores detected)

Reading alignment file angsd_minD1_p05_samGL_miss70-1513-n43_enOut.min4.phy ... Phylip format detected
Alignment most likely contains DNA/RNA sequences
Alignment has 43 sequences with 1513 columns, 1482 distinct patterns
0 parsimony-informative, 0 singleton sites, 1513 constant sites
           Gap/Ambiguity  Composition  p-value
   1  al43043     32.78%    passed     83.20%
   2  cca159783   25.64%    passed     96.19%
   3  cca159798   21.48%    passed     98.80%
   4  cca168255   35.03%    passed     94.31%
   5  cca169263   20.95%    passed     99.65%
   6  cca169268   29.74%    passed     76.12%
   7  cca169321   26.11%    passed     81.49%
   8  cca169373   26.64%    passed     84.69%
   9  cca169390   41.18%    passed     77.67%
  10  cca169414   36.02%    passed     37.64%
  11  cca27149    24.79%    passed     47.71%
  12  regB3604    28.49%    passed     94.35%
  13  regB3605    29.68%    passed     72.35%
  14  regB3610    32.25%    passed     86.73%
  15  regB3611    34.43%    passed     79.66%
  16  cauB3614    26.70%    passed     81.46%
  17  ccaB3620    27.56%    passed     80.85%
  18  ccaB8215    19.23%    passed     98.17%
  19  ccaB8406    43.69%    passed     77.64%
  20  cau171697   39.00%    passed     49.86%
  21  ccu171922   23.73%    passed     64.77%
  22  ccu172050   21.55%    passed     67.44%
  23  cau172647   20.09%    passed     89.45%
  24  cau172648   34.17%    passed     98.83%
  25  cau27152    33.84%    passed     91.76%
  26  cau31150    21.68%    passed     74.09%
  27  cau31703    20.22%    passed     88.10%
  28  cau34846    31.59%    passed     68.28%
  29  cau34955    21.02%    passed     92.36%
  30  cau34969    22.01%    passed     86.43%
  31  ccu35130    22.93%    passed     95.38%
  32  cau43139    22.60%    passed     89.77%
  33  ccuB32203   27.96%    passed     76.55%
  34  ccuB32266   34.43%    passed     98.49%
  35  ccuB32524   30.07%    passed     66.58%
  36  ccuB32578   27.83%    passed     95.16%
  37  ccuB32662   30.27%    passed     96.39%
  38  cauB3956    32.72%    passed     53.55%
  39  ccuB6274    23.27%    passed     96.81%
  40  ccuB6275    25.05%    passed     79.96%
  41  ccuB6280    25.18%    passed     97.50%
  42  en32573     30.93%    passed     99.37%
  43  paB22569    35.16%    passed     74.59%
****  TOTAL       28.37%  0 sequences failed composition chi2 test (p-value<5%; df=3)

NOTE: Restoring information from model checkpoint file angsd_minD1_p05_samGL_miss70-1513-n43_enOut.min4.phy.model.gz

CHECKPOINT: Initial tree restored
Perform fast likelihood tree search using GTR model...
CHECKPOINT: Tree restored, LogL: -2071.271
NOTE: ModelFinder requires 28389 MB RAM!
ModelFinder will test up to 22 DNA models (sample size: 1513) ...
 No. Model         -LnL         df  AIC          AICc         BIC
  1  GTR+F         2071.271     91  4324.543     4336.326     4808.831
  2  SYM           2097.569     88  4371.137     4382.137     4839.460
  3  TVM+F         2071.271     90  4322.543     4334.062     4801.509
  4  TVMe          2097.569     87  4369.137     4379.882     4832.138
  5  TIM3+F        2071.271     89  4320.543     4331.801     4794.187
  6  TIM3e         2097.569     86  4367.137     4377.631     4824.816
  7  TIM2+F        2071.271     89  4320.543     4331.801     4794.187
  8  TIM2e         2097.569     86  4367.137     4377.631     4824.816
  9  TIM+F         2071.271     89  4320.543     4331.801     4794.187
 10  TIMe          2097.569     86  4367.137     4377.631     4824.816
 11  TPM3u+F       2071.271     88  4318.543     4329.543     4786.866
 12  TPM3+F        2071.271     88  4318.543     4329.543     4786.866
 13  TPM2u+F       2071.271     88  4318.543     4329.543     4786.866
 14  TPM2+F        2071.271     88  4318.543     4329.543     4786.866
 15  K3Pu+F        2071.271     88  4318.543     4329.543     4786.866
 16  K3P           2097.569     85  4365.137     4375.382     4817.494
 17  TN+F          2071.271     88  4318.543     4329.543     4786.866
 18  TNe           2097.569     85  4365.137     4375.382     4817.494
 19  HKY+F         2071.271     87  4316.543     4327.288     4779.544
 20  K2P           2097.569     84  4363.137     4373.137     4810.173
 21  F81+F         2071.271     86  4314.543     4325.036     4772.222
 22  JC            2097.569     83  4361.137     4370.895     4802.851
Akaike Information Criterion:           F81+F
Corrected Akaike Information Criterion: F81+F
Bayesian Information Criterion:         F81+F
Best-fit model: F81+F chosen according to BIC

All model information printed to angsd_minD1_p05_samGL_miss70-1513-n43_enOut.min4.phy.model.gz
CPU time for ModelFinder: 0.172 seconds (0h:0m:0s)
Wall-clock time for ModelFinder: 0.146 seconds (0h:0m:0s)
Generating 5000000 samples for ultrafast bootstrap (seed: 194712)...

NOTE: 28383 MB RAM (27 GB) is required!
WARNING: Memory required per CPU-core (2.77182 GB) is higher than your computer RAM per CPU-core (2 GB), thus multiple runs may exceed RAM!
Estimate model parameters (epsilon = 0.100)
1. Initial log-likelihood: -2071.271
Optimal log-likelihood: -2071.271
Rate parameters:  A-C: 1.00000  A-G: 1.00000  A-T: 1.00000  C-G: 1.00000  C-T: 1.00000  G-T: 1.00000
Base frequencies:  A: 0.286  C: 0.210  G: 0.199  T: 0.305
Parameters optimization took 1 rounds (0.020 sec)
Computing ML distances based on estimated model parameters... 0.059 sec
Computing BIONJ tree...
0.001 seconds
Log-likelihood of BIONJ tree: -2071.190
--------------------------------------------------------------------
|             INITIALIZING CANDIDATE TREE SET                      |
--------------------------------------------------------------------
Generating 98 parsimony trees... 0.209 second
Computing log-likelihood of 98 initial trees ... 0.218 seconds
Current best score: -2071.190

Do NNI search on 20 best initial trees
Estimate model parameters (epsilon = 0.100)
BETTER TREE FOUND at iteration 1: -2071.190
Iteration 10 / LogL: -2071.271 / Time: 0h:14m:23s
Iteration 20 / LogL: -2071.271 / Time: 0h:25m:14s
NOTE: 9.047 seconds to dump checkpoint file, increase to 181.000
Finish initializing candidate tree set (20)
Current best tree score: -2071.190 / CPU time: 1379.315
Number of iterations: 20
--------------------------------------------------------------------
|               OPTIMIZING CANDIDATE TREE SET                      |
--------------------------------------------------------------------
NOTE: 9.114 seconds to dump checkpoint file, increase to 183.000
BETTER TREE FOUND at iteration 24: -2071.190
BETTER TREE FOUND at iteration 25: -2071.190
NOTE: 9.267 seconds to dump checkpoint file, increase to 186.000
Iteration 30 / LogL: -2071.190 / Time: 0h:34m:55s (1h:54m:25s left)
NOTE: 9.325 seconds to dump checkpoint file, increase to 187.000
Iteration 40 / LogL: -2071.190 / Time: 0h:47m:18s (1h:43m:6s left)
NOTE: 9.520 seconds to dump checkpoint file, increase to 191.000
Iteration 50 / LogL: -2071.190 / Time: 0h:59m:10s (1h:30m:34s left)

******************************************************
CHECKPOINT: Resuming analysis from angsd_minD1_p05_samGL_miss70-1513-n43_enOut.min4.phy.ckp.gz

IQ-TREE multicore version 2.0.3 for Linux 64-bit built Dec 20 2020
Developed by Bui Quang Minh, Nguyen Lam Tung, Olga Chernomor,
Heiko Schmidt, Dominik Schrempf, Michael Woodhams.

Host:    kowakian (AVX2, FMA3, 62 GB RAM)
Command: iqtree -s angsd_minD1_p05_samGL_miss70-1513-n43_enOut.min4.phy -st DNA -m TEST -bb 5000000 -nt 10 -o en32573
Seed:    225217 (Using SPRNG - Scalable Parallel Random Number Generator)
Time:    Wed May 25 17:47:27 2022
Kernel:  AVX+FMA - 10 threads (24 CPU cores detected)

Reading alignment file angsd_minD1_p05_samGL_miss70-1513-n43_enOut.min4.phy ... Phylip format detected
Alignment most likely contains DNA/RNA sequences
Alignment has 43 sequences with 1513 columns, 1482 distinct patterns
0 parsimony-informative, 0 singleton sites, 1513 constant sites
           Gap/Ambiguity  Composition  p-value
   1  al43043     32.78%    passed     83.20%
   2  cca159783   25.64%    passed     96.19%
   3  cca159798   21.48%    passed     98.80%
   4  cca168255   35.03%    passed     94.31%
   5  cca169263   20.95%    passed     99.65%
   6  cca169268   29.74%    passed     76.12%
   7  cca169321   26.11%    passed     81.49%
   8  cca169373   26.64%    passed     84.69%
   9  cca169390   41.18%    passed     77.67%
  10  cca169414   36.02%    passed     37.64%
  11  cca27149    24.79%    passed     47.71%
  12  regB3604    28.49%    passed     94.35%
  13  regB3605    29.68%    passed     72.35%
  14  regB3610    32.25%    passed     86.73%
  15  regB3611    34.43%    passed     79.66%
  16  cauB3614    26.70%    passed     81.46%
  17  ccaB3620    27.56%    passed     80.85%
  18  ccaB8215    19.23%    passed     98.17%
  19  ccaB8406    43.69%    passed     77.64%
  20  cau171697   39.00%    passed     49.86%
  21  ccu171922   23.73%    passed     64.77%
  22  ccu172050   21.55%    passed     67.44%
  23  cau172647   20.09%    passed     89.45%
  24  cau172648   34.17%    passed     98.83%
  25  cau27152    33.84%    passed     91.76%
  26  cau31150    21.68%    passed     74.09%
  27  cau31703    20.22%    passed     88.10%
  28  cau34846    31.59%    passed     68.28%
  29  cau34955    21.02%    passed     92.36%
  30  cau34969    22.01%    passed     86.43%
  31  ccu35130    22.93%    passed     95.38%
  32  cau43139    22.60%    passed     89.77%
  33  ccuB32203   27.96%    passed     76.55%
  34  ccuB32266   34.43%    passed     98.49%
  35  ccuB32524   30.07%    passed     66.58%
  36  ccuB32578   27.83%    passed     95.16%
  37  ccuB32662   30.27%    passed     96.39%
  38  cauB3956    32.72%    passed     53.55%
  39  ccuB6274    23.27%    passed     96.81%
  40  ccuB6275    25.05%    passed     79.96%
  41  ccuB6280    25.18%    passed     97.50%
  42  en32573     30.93%    passed     99.37%
  43  paB22569    35.16%    passed     74.59%
****  TOTAL       28.37%  0 sequences failed composition chi2 test (p-value<5%; df=3)

NOTE: Restoring information from model checkpoint file angsd_minD1_p05_samGL_miss70-1513-n43_enOut.min4.phy.model.gz

CHECKPOINT: Initial tree restored
Perform fast likelihood tree search using GTR model...
CHECKPOINT: Tree restored, LogL: -2071.271
NOTE: ModelFinder requires 28389 MB RAM!
ModelFinder will test up to 22 DNA models (sample size: 1513) ...
 No. Model         -LnL         df  AIC          AICc         BIC
  1  GTR+F         2071.271     91  4324.543     4336.326     4808.831
  2  SYM           2097.569     88  4371.137     4382.137     4839.460
  3  TVM+F         2071.271     90  4322.543     4334.062     4801.509
  4  TVMe          2097.569     87  4369.137     4379.882     4832.138
  5  TIM3+F        2071.271     89  4320.543     4331.801     4794.187
  6  TIM3e         2097.569     86  4367.137     4377.631     4824.816
  7  TIM2+F        2071.271     89  4320.543     4331.801     4794.187
  8  TIM2e         2097.569     86  4367.137     4377.631     4824.816
  9  TIM+F         2071.271     89  4320.543     4331.801     4794.187
 10  TIMe          2097.569     86  4367.137     4377.631     4824.816
 11  TPM3u+F       2071.271     88  4318.543     4329.543     4786.866
 12  TPM3+F        2071.271     88  4318.543     4329.543     4786.866
 13  TPM2u+F       2071.271     88  4318.543     4329.543     4786.866
 14  TPM2+F        2071.271     88  4318.543     4329.543     4786.866
 15  K3Pu+F        2071.271     88  4318.543     4329.543     4786.866
 16  K3P           2097.569     85  4365.137     4375.382     4817.494
 17  TN+F          2071.271     88  4318.543     4329.543     4786.866
 18  TNe           2097.569     85  4365.137     4375.382     4817.494
 19  HKY+F         2071.271     87  4316.543     4327.288     4779.544
 20  K2P           2097.569     84  4363.137     4373.137     4810.173
 21  F81+F         2071.271     86  4314.543     4325.036     4772.222
 22  JC            2097.569     83  4361.137     4370.895     4802.851
Akaike Information Criterion:           F81+F
Corrected Akaike Information Criterion: F81+F
Bayesian Information Criterion:         F81+F
Best-fit model: F81+F chosen according to BIC

All model information printed to angsd_minD1_p05_samGL_miss70-1513-n43_enOut.min4.phy.model.gz
CPU time for ModelFinder: 0.255 seconds (0h:0m:0s)
Wall-clock time for ModelFinder: 0.062 seconds (0h:0m:0s)
Generating 5000000 samples for ultrafast bootstrap (seed: 225217)...
CHECKPOINT: 5000000 UFBoot trees and 0 UFBootSplits restored

NOTE: 28383 MB RAM (27 GB) is required!
WARNING: Memory required per CPU-core (2.77182 GB) is higher than your computer RAM per CPU-core (2 GB), thus multiple runs may exceed RAM!
CHECKPOINT: Model parameters restored, LogL: -2071.190
--------------------------------------------------------------------
|             INITIALIZING CANDIDATE TREE SET                      |
--------------------------------------------------------------------
CHECKPOINT: Candidate tree set restored, best LogL: -2071.190
Finish initializing candidate tree set (20)
Current best tree score: -2071.190 / CPU time: 0.000
Number of iterations: 49
--------------------------------------------------------------------
|               OPTIMIZING CANDIDATE TREE SET                      |
--------------------------------------------------------------------
Iteration 50 / LogL: -2071.190 / Time: 0h:4m:33s (0h:6m:32s left)
